app/build/intermediates/manifest_merge_blame_file/debug/manifest-merger-blame-debug-report.txt
1<?xml version="1.0" encoding="utf-8"?>
2<manifest xmlns:android="http://schemas.android.com/apk/res/android"
3    package="de.uni_osnabrueck.ikw.eegdroid"
4    android:versionCode="1"
5    android:versionName="1.1" >
6
7    <uses-sdk
8        android:minSdkVersion="21"
8-->src\main\AndroidManifest.xml
9        android:targetSdkVersion="30" />
9-->src\main\AndroidManifest.xml
10
11    <uses-feature
11-->src\main\AndroidManifest.xml:6:5-8:35
12        android:name="android.hardware.bluetooth_le"
12-->src\main\AndroidManifest.xml:7:9-53
13        android:required="true" />
13-->src\main\AndroidManifest.xml:8:9-32
14
15    <uses-permission android:name="android.permission.BLUETOOTH" />
15-->src\main\AndroidManifest.xml:10:5-68
15-->src\main\AndroidManifest.xml:10:22-65
16    <uses-permission android:name="android.permission.BLUETOOTH_ADMIN" />
16-->src\main\AndroidManifest.xml:11:5-74
16-->src\main\AndroidManifest.xml:11:22-71
17    <uses-permission android:name="android.permission.ACCESS_COARSE_LOCATION" />
17-->src\main\AndroidManifest.xml:12:5-81
17-->src\main\AndroidManifest.xml:12:22-78
18    <uses-permission android:name="android.permission.ACCESS_FINE_LOCATION" />
18-->src\main\AndroidManifest.xml:13:5-79
18-->src\main\AndroidManifest.xml:13:22-76
19    <uses-permission android:name="android.permission.ACCESS_BACKGROUND_LOCATION" />
19-->src\main\AndroidManifest.xml:14:5-85
19-->src\main\AndroidManifest.xml:14:22-82
20    <uses-permission android:name="android.permission.WRITE_EXTERNAL_STORAGE" />
20-->src\main\AndroidManifest.xml:15:5-81
20-->src\main\AndroidManifest.xml:15:22-78
21    <uses-permission android:name="android.permission.INTERNET" />
21-->src\main\AndroidManifest.xml:16:5-67
21-->src\main\AndroidManifest.xml:16:22-64
22    <uses-permission android:name="android.permission.RECORD_AUDIO" />
22-->src\main\AndroidManifest.xml:17:5-71
22-->src\main\AndroidManifest.xml:17:22-68
23    <uses-permission android:name="android.permission.MANAGE_DOCUMENTS" />
23-->src\main\AndroidManifest.xml:18:5-20:47
23-->src\main\AndroidManifest.xml:19:9-59
24    <uses-permission android:name="android.permission.CAMERA" />
24-->src\main\AndroidManifest.xml:21:5-65
24-->src\main\AndroidManifest.xml:21:22-62
25    <uses-permission android:name="android.permission.READ_EXTERNAL_STORAGE" />
25-->src\main\AndroidManifest.xml:22:5-80
25-->src\main\AndroidManifest.xml:22:22-77
26    <uses-permission android:name="android.permission.ACCESS_NETWORK_STATE" />
26-->src\main\AndroidManifest.xml:23:5-79
26-->src\main\AndroidManifest.xml:23:22-76
27
28    <application
28-->src\main\AndroidManifest.xml:25:5-93:19
29        android:allowBackup="true"
29-->src\main\AndroidManifest.xml:26:9-35
30        android:appComponentFactory="androidx.core.app.CoreComponentFactory"
30-->[androidx.core:core:1.5.0-alpha02] AndroidManifest.xml:24:18-86
31        android:debuggable="true"
32        android:icon="@mipmap/ic_launcher2"
32-->src\main\AndroidManifest.xml:27:9-44
33        android:label="@string/app_name"
33-->src\main\AndroidManifest.xml:28:9-41
34        android:roundIcon="@mipmap/ic_launcher2_round"
34-->src\main\AndroidManifest.xml:29:9-55
35        android:supportsRtl="true"
35-->src\main\AndroidManifest.xml:30:9-35
36        android:testOnly="true"
37        android:theme="@style/AppTheme" >
37-->src\main\AndroidManifest.xml:31:9-40
38        <activity android:name="de.uni_osnabrueck.ikw.eegdroid.Info" />
38-->src\main\AndroidManifest.xml:33:9-42
38-->src\main\AndroidManifest.xml:33:19-39
39        <activity android:name="de.uni_osnabrueck.ikw.eegdroid.Settings" />
39-->src\main\AndroidManifest.xml:34:9-46
39-->src\main\AndroidManifest.xml:34:19-43
40        <activity android:name="de.uni_osnabrueck.ikw.eegdroid.Tutorial" />
40-->src\main\AndroidManifest.xml:35:9-46
40-->src\main\AndroidManifest.xml:35:19-43
41        <activity android:name="de.uni_osnabrueck.ikw.eegdroid.Learn" />
41-->src\main\AndroidManifest.xml:36:9-43
41-->src\main\AndroidManifest.xml:36:19-40
42        <activity android:name="de.uni_osnabrueck.ikw.eegdroid.ManageSessions" />
42-->src\main\AndroidManifest.xml:37:9-52
42-->src\main\AndroidManifest.xml:37:19-49
43        <activity
43-->src\main\AndroidManifest.xml:38:9-48:20
44            android:name="de.uni_osnabrueck.ikw.eegdroid.MainActivity"
44-->src\main\AndroidManifest.xml:39:13-41
45            android:label="@string/app_name"
45-->src\main\AndroidManifest.xml:40:13-45
46            android:screenOrientation="portrait"
46-->src\main\AndroidManifest.xml:42:13-49
47            android:theme="@style/AppTheme.NoActionBar" >
47-->src\main\AndroidManifest.xml:41:13-56
48            <intent-filter>
48-->src\main\AndroidManifest.xml:43:13-47:29
49                <action android:name="android.intent.action.MAIN" />
49-->src\main\AndroidManifest.xml:44:17-69
49-->src\main\AndroidManifest.xml:44:25-66
50
51                <category android:name="android.intent.category.LAUNCHER" />
51-->src\main\AndroidManifest.xml:46:17-77
51-->src\main\AndroidManifest.xml:46:27-74
52            </intent-filter>
53        </activity>
54        <activity
54-->src\main\AndroidManifest.xml:49:9-51:51
55            android:name="de.uni_osnabrueck.ikw.eegdroid.Record"
55-->src\main\AndroidManifest.xml:50:13-35
56            android:screenOrientation="portrait" />
56-->src\main\AndroidManifest.xml:51:13-49
57        <activity
57-->src\main\AndroidManifest.xml:52:9-54:62
58            android:name="de.uni_osnabrueck.ikw.eegdroid.Display"
58-->src\main\AndroidManifest.xml:53:13-36
59            android:configChanges="orientation|screenSize" />
59-->src\main\AndroidManifest.xml:54:13-59
60        <activity
60-->src\main\AndroidManifest.xml:55:9-57:62
61            android:name="de.uni_osnabrueck.ikw.eegdroid.TFAnalysis"
61-->src\main\AndroidManifest.xml:56:13-39
62            android:configChanges="orientation|screenSize" />
62-->src\main\AndroidManifest.xml:57:13-59
63        <activity
63-->src\main\AndroidManifest.xml:58:9-60:63
64            android:name="de.uni_osnabrueck.ikw.eegdroid.SettingsActivity"
64-->src\main\AndroidManifest.xml:59:13-45
65            android:label="@string/title_activity_settings" />
65-->src\main\AndroidManifest.xml:60:13-60
66        <activity
66-->src\main\AndroidManifest.xml:61:9-64:51
67            android:name="de.uni_osnabrueck.ikw.eegdroid.DeviceScanActivity"
67-->src\main\AndroidManifest.xml:62:13-47
68            android:label="@string/app_name"
68-->src\main\AndroidManifest.xml:63:13-45
69            android:screenOrientation="portrait" />
69-->src\main\AndroidManifest.xml:64:13-49
70
71        <service
71-->src\main\AndroidManifest.xml:66:9-68:38
72            android:name="de.uni_osnabrueck.ikw.eegdroid.BluetoothLeService"
72-->src\main\AndroidManifest.xml:67:13-47
73            android:enabled="true" />
73-->src\main\AndroidManifest.xml:68:13-35
74
75        <activity
75-->src\main\AndroidManifest.xml:70:9-73:59
76            android:name="de.uni_osnabrueck.ikw.eegdroid.Connect"
76-->src\main\AndroidManifest.xml:71:13-36
77            android:label="@string/title_activity_connect"
77-->src\main\AndroidManifest.xml:72:13-59
78            android:theme="@style/AppTheme.NoActionBar" />
78-->src\main\AndroidManifest.xml:73:13-56
79
80        <provider
81            android:name="de.uni_osnabrueck.ikw.eegdroid.utilities.GenericFileProvider"
81-->src\main\AndroidManifest.xml:76:13-58
82            android:authorities="de.uni_osnabrueck.ikw.eegdroid.fileprovider"
82-->src\main\AndroidManifest.xml:77:13-64
83            android:exported="false"
83-->src\main\AndroidManifest.xml:78:13-37
84            android:grantUriPermissions="true" >
84-->src\main\AndroidManifest.xml:79:13-47
85            <meta-data
85-->src\main\AndroidManifest.xml:80:13-82:58
86                android:name="android.support.FILE_PROVIDER_PATHS"
86-->src\main\AndroidManifest.xml:81:17-67
87                android:resource="@xml/provider_paths" />
87-->src\main\AndroidManifest.xml:82:17-55
88        </provider>
89        <provider
90            android:name="androidx.core.content.FileProvider"
90-->src\main\AndroidManifest.xml:85:13-62
91            android:authorities="de.uni_osnabrueck.ikw.eegdroid.provider"
91-->src\main\AndroidManifest.xml:86:13-60
92            android:exported="false"
92-->src\main\AndroidManifest.xml:88:13-37
93            android:grantUriPermissions="true" >
93-->src\main\AndroidManifest.xml:87:13-47
94            <meta-data
94-->src\main\AndroidManifest.xml:80:13-82:58
95                android:name="android.support.FILE_PROVIDER_PATHS"
95-->src\main\AndroidManifest.xml:81:17-67
96                android:resource="@xml/filepaths" />
96-->src\main\AndroidManifest.xml:82:17-55
97        </provider>
98    </application>
99
100</manifest>